<?xml version="1.0" encoding="UTF-8"?>
<!-- Generated by org.testng.reporters.JUnitXMLReporter -->
<testsuite hostname="DESKTOP-T3R8PGS" name="Valid login group" tests="3" failures="0" timestamp="2 Aug 2022 13:20:11 GMT" time="0.063" errors="0">
  <testcase name="testInValidLogin" time="0.015" classname="test.TestNgGroups"/>
  <testcase name="testSupportUserLogin" time="0.0" classname="test.TestNgGroups"/>
  <testcase name="testValidLogin" time="0.0" classname="test.TestNgGroups"/>
</testsuite> <!-- Valid login group -->
